# JRE version: Java(TM) SE Runtime Environment (8.0_101-b13) (build 1.8.0_101-b13)
# Java VM: Java HotSpot(TM) 64-Bit Server VM (25.101-b13 mixed mode linux-amd64 compressed oops)
Heap:
 PSYoungGen      total 56320K, used 5185K [0x00000000eb580000, 0x00000000ef280000, 0x0000000100000000)
  eden space 50688K, 0% used [0x00000000eb580000,0x00000000eb580000,0x00000000ee700000)
  from space 5632K, 92% used [0x00000000ee700000,0x00000000eec10548,0x00000000eec80000)
  to   space 5120K, 0% used [0x00000000eec80000,0x00000000eec80000,0x00000000ef180000)
 ParOldGen       total 27648K, used 6456K [0x00000000c2000000, 0x00000000c3b00000, 0x00000000eb580000)
  object space 27648K, 23% used [0x00000000c2000000,0x00000000c264e220,0x00000000c3b00000)
 Metaspace       used 25867K, capacity 26244K, committed 26752K, reserved 1073152K
  class space    used 3347K, capacity 3442K, committed 3456K, reserved 1048576K
GC Heap History (10 events):
Event: 9,562 GC heap after
Heap after GC invocations=7 (full 0):
 PSYoungGen      total 20992K, used 2277K [0x00000000eb580000, 0x00000000edf80000, 0x0000000100000000)
  eden space 15872K, 0% used [0x00000000eb580000,0x00000000eb580000,0x00000000ec500000)
  from space 5120K, 44% used [0x00000000ec500000,0x00000000ec739400,0x00000000eca00000)
  to   space 5632K, 0% used [0x00000000eda00000,0x00000000eda00000,0x00000000edf80000)
 ParOldGen       total 42496K, used 5487K [0x00000000c2000000, 0x00000000c4980000, 0x00000000eb580000)
  object space 42496K, 12% used [0x00000000c2000000,0x00000000c255bfe8,0x00000000c4980000)
 Metaspace       used 14877K, capacity 15102K, committed 15488K, reserved 1062912K
  class space    used 1774K, capacity 1799K, committed 1920K, reserved 1048576K
}
Event: 10,264 GC heap before
{Heap before GC invocations=8 (full 0):
 PSYoungGen      total 20992K, used 18149K [0x00000000eb580000, 0x00000000edf80000, 0x0000000100000000)
  eden space 15872K, 100% used [0x00000000eb580000,0x00000000ec500000,0x00000000ec500000)
  from space 5120K, 44% used [0x00000000ec500000,0x00000000ec739400,0x00000000eca00000)
  to   space 5632K, 0% used [0x00000000eda00000,0x00000000eda00000,0x00000000edf80000)
 ParOldGen       total 42496K, used 5487K [0x00000000c2000000, 0x00000000c4980000, 0x00000000eb580000)
  object space 42496K, 12% used [0x00000000c2000000,0x00000000c255bfe8,0x00000000c4980000)
 Metaspace       used 15897K, capacity 16092K, committed 16384K, reserved 1062912K
  class space    used 1884K, capacity 1932K, committed 2048K, reserved 1048576K
Event: 10,271 GC heap after
Heap after GC invocations=8 (full 0):
 PSYoungGen      total 37376K, used 2367K [0x00000000eb580000, 0x00000000edf80000, 0x0000000100000000)
  eden space 31744K, 0% used [0x00000000eb580000,0x00000000eb580000,0x00000000ed480000)
  from space 5632K, 42% used [0x00000000eda00000,0x00000000edc4fd30,0x00000000edf80000)
  to   space 5632K, 0% used [0x00000000ed480000,0x00000000ed480000,0x00000000eda00000)
 ParOldGen       total 42496K, used 6407K [0x00000000c2000000, 0x00000000c4980000, 0x00000000eb580000)
  object space 42496K, 15% used [0x00000000c2000000,0x00000000c2641fe8,0x00000000c4980000)
 Metaspace       used 15897K, capacity 16092K, committed 16384K, reserved 1062912K
  class space    used 1884K, capacity 1932K, committed 2048K, reserved 1048576K
}
Event: 12,196 GC heap before
{Heap before GC invocations=9 (full 0):
 PSYoungGen      total 37376K, used 34111K [0x00000000eb580000, 0x00000000edf80000, 0x0000000100000000)
  eden space 31744K, 100% used [0x00000000eb580000,0x00000000ed480000,0x00000000ed480000)
  from space 5632K, 42% used [0x00000000eda00000,0x00000000edc4fd30,0x00000000edf80000)
  to   space 5632K, 0% used [0x00000000ed480000,0x00000000ed480000,0x00000000eda00000)
 ParOldGen       total 42496K, used 6407K [0x00000000c2000000, 0x00000000c4980000, 0x00000000eb580000)
  object space 42496K, 15% used [0x00000000c2000000,0x00000000c2641fe8,0x00000000c4980000)
 Metaspace       used 20340K, capacity 20658K, committed 21120K, reserved 1067008K
  class space    used 2523K, capacity 2603K, committed 2688K, reserved 1048576K
Event: 12,209 GC heap after
Heap after GC invocations=9 (full 0):
 PSYoungGen      total 37376K, used 3583K [0x00000000eb580000, 0x00000000ef180000, 0x0000000100000000)
  eden space 31744K, 0% used [0x00000000eb580000,0x00000000eb580000,0x00000000ed480000)
  from space 5632K, 63% used [0x00000000ed480000,0x00000000ed7ffd28,0x00000000eda00000)
  to   space 5120K, 0% used [0x00000000eec80000,0x00000000eec80000,0x00000000ef180000)
 ParOldGen       total 42496K, used 7625K [0x00000000c2000000, 0x00000000c4980000, 0x00000000eb580000)
  object space 42496K, 17% used [0x00000000c2000000,0x00000000c27724c8,0x00000000c4980000)
 Metaspace       used 20340K, capacity 20658K, committed 21120K, reserved 1067008K
  class space    used 2523K, capacity 2603K, committed 2688K, reserved 1048576K
}
Event: 12,406 GC heap before
{Heap before GC invocations=10 (full 0):
 PSYoungGen      total 37376K, used 9454K [0x00000000eb580000, 0x00000000ef180000, 0x0000000100000000)
  eden space 31744K, 18% used [0x00000000eb580000,0x00000000ebb3bc98,0x00000000ed480000)
  from space 5632K, 63% used [0x00000000ed480000,0x00000000ed7ffd28,0x00000000eda00000)
  to   space 5120K, 0% used [0x00000000eec80000,0x00000000eec80000,0x00000000ef180000)
 ParOldGen       total 42496K, used 7625K [0x00000000c2000000, 0x00000000c4980000, 0x00000000eb580000)
  object space 42496K, 17% used [0x00000000c2000000,0x00000000c27724c8,0x00000000c4980000)
 Metaspace       used 20776K, capacity 21042K, committed 21296K, reserved 1069056K
  class space    used 2606K, capacity 2667K, committed 2688K, reserved 1048576K
Event: 12,416 GC heap after
Heap after GC invocations=10 (full 0):
 PSYoungGen      total 55808K, used 1216K [0x00000000eb580000, 0x00000000ef280000, 0x0000000100000000)
  eden space 50688K, 0% used [0x00000000eb580000,0x00000000eb580000,0x00000000ee700000)
  from space 5120K, 23% used [0x00000000eec80000,0x00000000eedb0000,0x00000000ef180000)
  to   space 5632K, 0% used [0x00000000ee700000,0x00000000ee700000,0x00000000eec80000)
 ParOldGen       total 42496K, used 8062K [0x00000000c2000000, 0x00000000c4980000, 0x00000000eb580000)
  object space 42496K, 18% used [0x00000000c2000000,0x00000000c27dfac8,0x00000000c4980000)
 Metaspace       used 20776K, capacity 21042K, committed 21296K, reserved 1069056K
  class space    used 2606K, capacity 2667K, committed 2688K, reserved 1048576K
}
Event: 12,422 GC heap before
{Heap before GC invocations=11 (full 1):
 PSYoungGen      total 55808K, used 1216K [0x00000000eb580000, 0x00000000ef280000, 0x0000000100000000)
  eden space 50688K, 0% used [0x00000000eb580000,0x00000000eb580000,0x00000000ee700000)
  from space 5120K, 23% used [0x00000000eec80000,0x00000000eedb0000,0x00000000ef180000)
  to   space 5632K, 0% used [0x00000000ee700000,0x00000000ee700000,0x00000000eec80000)
 ParOldGen       total 42496K, used 8062K [0x00000000c2000000, 0x00000000c4980000, 0x00000000eb580000)
  object space 42496K, 18% used [0x00000000c2000000,0x00000000c27dfac8,0x00000000c4980000)
 Metaspace       used 20776K, capacity 21042K, committed 21296K, reserved 1069056K
  class space    used 2606K, capacity 2667K, committed 2688K, reserved 1048576K
Event: 12,670 GC heap after
Heap after GC invocations=11 (full 1):
 PSYoungGen      total 55808K, used 0K [0x00000000eb580000, 0x00000000ef280000, 0x0000000100000000)
  eden space 50688K, 0% used [0x00000000eb580000,0x00000000eb580000,0x00000000ee700000)
  from space 5120K, 0% used [0x00000000eec80000,0x00000000eec80000,0x00000000ef180000)
  to   space 5632K, 0% used [0x00000000ee700000,0x00000000ee700000,0x00000000eec80000)
 ParOldGen       total 27648K, used 6448K [0x00000000c2000000, 0x00000000c3b00000, 0x00000000eb580000)
  object space 27648K, 23% used [0x00000000c2000000,0x00000000c264c220,0x00000000c3b00000)
 Metaspace       used 20776K, capacity 21042K, committed 21296K, reserved 1069056K
  class space    used 2606K, capacity 2667K, committed 2688K, reserved 1048576K
}
Event: 38,848 GC heap before
{Heap before GC invocations=12 (full 1):
 PSYoungGen      total 55808K, used 50688K [0x00000000eb580000, 0x00000000ef280000, 0x0000000100000000)
  eden space 50688K, 100% used [0x00000000eb580000,0x00000000ee700000,0x00000000ee700000)
  from space 5120K, 0% used [0x00000000eec80000,0x00000000eec80000,0x00000000ef180000)
  to   space 5632K, 0% used [0x00000000ee700000,0x00000000ee700000,0x00000000eec80000)
 ParOldGen       total 27648K, used 6448K [0x00000000c2000000, 0x00000000c3b00000, 0x00000000eb580000)
  object space 27648K, 23% used [0x00000000c2000000,0x00000000c264c220,0x00000000c3b00000)
 Metaspace       used 25867K, capacity 26244K, committed 26752K, reserved 1073152K
  class space    used 3347K, capacity 3442K, committed 3456K, reserved 1048576K

